#
# A fatal error has been detected by the Java Runtime Environment:
#
#  EXCEPTION_ACCESS_VIOLATION (0xc0000005) at pc=0x73b69a03, pid=9512, tid=0x000022e0
#
# JRE version: Java(TM) SE Runtime Environment (8.0_92-b14) (build 1.8.0_92-b14)
# Java VM: Java HotSpot(TM) Client VM (25.92-b14 mixed mode windows-x86 )
# Problematic frame:
# C  [awt.dll+0xa9a03]
#
# Failed to write core dump. Minidumps are not enabled by default on client versions of Windows
#
# If you would like to submit a bug report, please visit:
#   http://bugreport.java.com/bugreport/crash.jsp
# The crash happened outside the Java Virtual Machine in native code.
# See problematic frame for where to report the bug.
#

---------------  T H R E A D  ---------------

Current thread (0x067b9800):  JavaThread "AWT-EventQueue-0" [_thread_in_native, id=8928, stack(0x07950000,0x079a0000)]

siginfo: ExceptionCode=0xc0000005, reading address 0x00000004

Registers:
EAX=0x0000000d, EBX=0x57011754, ECX=0x00000000, EDX=0x017e2fe0
ESP=0x0799de58, EBP=0x753b4840, ESI=0x08519d48, EDI=0x09b15ec8
EIP=0x73b69a03, EFLAGS=0x00010297

Top of Stack: (sp=0x0799de58)
0x0799de58:   73aee936 57011754 09b15ec8 067b9940
0x0799de68:   0799df28 0799e3e0 73b1b31b 067b9940
0x0799de78:   09b15ec8 0799e3e0 73b1b332 00000001
0x0799de88:   00000000 00000000 73aebb85 067b9940
0x0799de98:   0799e3e0 067b9800 00000000 00000000
0x0799dea8:   0799dec8 03748a13 084d5290 09be2ff8
0x0799deb8:   0799e3e4 067b9940 0799defc 00000001
0x0799dec8:   0799df58 039e03bc ffffffff 0799ded4 

Instructions: (pc=0x73b69a03)
0x73b699e3:   00 00 c3 8b 41 04 8b 80 0c 0c 00 00 c3 8b 01 83
0x73b699f3:   78 04 08 7e 03 33 c0 c3 8b 49 04 e9 bc eb fe ff
0x73b69a03:   8b 49 04 85 c9 74 05 e9 ca e9 fe ff 33 c0 c2 04
0x73b69a13:   00 8b 49 04 85 c9 74 05 e9 df e9 fe ff c2 04 00 


Register to memory mapping:

EAX=0x0000000d is an unknown value
EBX=0x57011754 is an unknown value
ECX=0x00000000 is an unknown value
EDX=0x017e2fe0 is an unknown value
ESP=0x0799de58 is pointing into the stack for thread: 0x067b9800
EBP=0x753b4840 is an unknown value
ESI=0x08519d48 is an unknown value
EDI=0x09b15ec8 is an unknown value


Stack: [0x07950000,0x079a0000],  sp=0x0799de58,  free space=311k
Native frames: (J=compiled Java code, j=interpreted, Vv=VM code, C=native code)
C  [awt.dll+0xa9a03]

Java frames: (J=compiled Java code, j=interpreted, Vv=VM code)
J 2445  sun.java2d.windows.GDIBlitLoops.nativeBlit(Lsun/java2d/SurfaceData;Lsun/java2d/SurfaceData;Lsun/java2d/pipe/Region;IIIIIIIIIZ)V (0 bytes) @ 0x03a0d058 [0x03a0cf90+0xc8]
J 10433 C1 sun.java2d.windows.GDIBlitLoops.Blit(Lsun/java2d/SurfaceData;Lsun/java2d/SurfaceData;Ljava/awt/Composite;Lsun/java2d/pipe/Region;IIIIII)V (37 bytes) @ 0x039c4e18 [0x039c4d80+0x98]
J 8278 C1 sun.java2d.pipe.DrawImage.blitSurfaceData(Lsun/java2d/SunGraphics2D;Lsun/java2d/pipe/Region;Lsun/java2d/SurfaceData;Lsun/java2d/SurfaceData;Lsun/java2d/loops/SurfaceType;Lsun/java2d/loops/SurfaceType;IIIIIILjava/awt/Color;)V (145 bytes) @ 0x03856e80 [0x03856c60+0x220]
J 8379 C1 sun.java2d.pipe.DrawImage.renderImageCopy(Lsun/java2d/SunGraphics2D;Ljava/awt/Image;Ljava/awt/Color;IIIIII)Z (147 bytes) @ 0x03a5fb5c [0x03a5fa40+0x11c]
J 8276 C1 sun.java2d.pipe.DrawImage.copyImage(Lsun/java2d/SunGraphics2D;Ljava/awt/Image;IILjava/awt/Color;)Z (105 bytes) @ 0x039b77b0 [0x039b75d0+0x1e0]
J 8198 C1 sun.java2d.pipe.DrawImage.copyImage(Lsun/java2d/SunGraphics2D;Ljava/awt/Image;IILjava/awt/Color;Ljava/awt/image/ImageObserver;)Z (60 bytes) @ 0x03a163e8 [0x03a16280+0x168]
J 8423 C1 sun.java2d.pipe.ValidatePipe.copyImage(Lsun/java2d/SunGraphics2D;Ljava/awt/Image;IILjava/awt/Color;Ljava/awt/image/ImageObserver;)Z (29 bytes) @ 0x03a48c28 [0x03a48bb0+0x78]
J 8197 C1 sun.java2d.SunGraphics2D.drawImage(Ljava/awt/Image;IILjava/awt/Color;Ljava/awt/image/ImageObserver;)Z (145 bytes) @ 0x0376eccc [0x0376ead0+0x1fc]
J 8337 C1 sun.java2d.SunGraphics2D.drawImage(Ljava/awt/Image;IILjava/awt/image/ImageObserver;)Z (11 bytes) @ 0x039c5380 [0x039c5340+0x40]
J 5106 C1 javax.swing.RepaintManager$PaintManager.paintDoubleBuffered(Ljavax/swing/JComponent;Ljava/awt/Image;Ljava/awt/Graphics;IIII)V (294 bytes) @ 0x03870248 [0x038700a0+0x1a8]
J 5259 C1 javax.swing.RepaintManager$PaintManager.paint(Ljavax/swing/JComponent;Ljavax/swing/JComponent;Ljava/awt/Graphics;IIII)Z (189 bytes) @ 0x03732fcc [0x03732d90+0x23c]
J 4188 C1 javax.swing.RepaintManager.paint(Ljavax/swing/JComponent;Ljavax/swing/JComponent;Ljava/awt/Graphics;IIII)V (93 bytes) @ 0x03a14170 [0x03a13f80+0x1f0]
J 18450 C1 javax.swing.JComponent.paint(Ljava/awt/Graphics;)V (409 bytes) @ 0x03a45934 [0x03a455d0+0x364]
j  java.awt.GraphicsCallback$PaintCallback.run(Ljava/awt/Component;Ljava/awt/Graphics;)V+2
j  sun.awt.SunGraphicsCallback.runOneComponent(Ljava/awt/Component;Ljava/awt/Rectangle;Ljava/awt/Graphics;Ljava/awt/Shape;I)V+155
j  sun.awt.SunGraphicsCallback.runComponents([Ljava/awt/Component;Ljava/awt/Graphics;I)V+194
j  java.awt.Container.paint(Ljava/awt/Graphics;)V+58
j  java.awt.Window.paint(Ljava/awt/Graphics;)V+68
J 4304 C1 javax.swing.RepaintManager$4.run()Ljava/lang/Void; (278 bytes) @ 0x03a6a6f4 [0x03a6a420+0x2d4]
J 4303 C1 javax.swing.RepaintManager$4.run()Ljava/lang/Object; (5 bytes) @ 0x03747a60 [0x03747a40+0x20]
v  ~StubRoutines::call_stub
J 2057  java.security.AccessController.doPrivileged(Ljava/security/PrivilegedAction;Ljava/security/AccessControlContext;)Ljava/lang/Object; (0 bytes) @ 0x039958c7 [0x03995860+0x67]
J 5075 C1 javax.swing.RepaintManager.paintDirtyRegions(Ljava/util/Map;)V (196 bytes) @ 0x03954cbc [0x039548e0+0x3dc]
J 4268 C1 javax.swing.RepaintManager.paintDirtyRegions()V (50 bytes) @ 0x03a26964 [0x03a26820+0x144]
J 4262 C1 javax.swing.RepaintManager.prePaintDirtyRegions()V (91 bytes) @ 0x03791474 [0x037912b0+0x1c4]
J 4259 C1 javax.swing.RepaintManager$ProcessingRunnable.run()V (41 bytes) @ 0x03a58fe4 [0x03a58eb0+0x134]
J 2157 C1 java.awt.event.InvocationEvent.dispatch()V (69 bytes) @ 0x039afc5c [0x039afb70+0xec]
J 2120 C1 java.awt.EventQueue.dispatchEventImpl(Ljava/awt/AWTEvent;Ljava/lang/Object;)V (149 bytes) @ 0x039a574c [0x039a5290+0x4bc]
J 2146 C1 java.awt.EventQueue$3.run()Ljava/lang/Void; (60 bytes) @ 0x039ab75c [0x039ab700+0x5c]
J 2145 C1 java.awt.EventQueue$3.run()Ljava/lang/Object; (5 bytes) @ 0x039ab4e0 [0x039ab4c0+0x20]
v  ~StubRoutines::call_stub
J 2057  java.security.AccessController.doPrivileged(Ljava/security/PrivilegedAction;Ljava/security/AccessControlContext;)Ljava/lang/Object; (0 bytes) @ 0x039958c7 [0x03995860+0x67]
J 2116 C1 java.awt.EventQueue.dispatchEvent(Ljava/awt/AWTEvent;)V (80 bytes) @ 0x039a3dc8 [0x039a3bc0+0x208]
J 2038 C1 java.awt.EventDispatchThread.pumpOneEventForFilters(I)V (295 bytes) @ 0x0398ec50 [0x0398e5c0+0x690]
J 2604% C1 java.awt.EventDispatchThread.pumpEventsForFilter(ILjava/awt/Conditional;Ljava/awt/EventFilter;)V (47 bytes) @ 0x03a56840 [0x03a56780+0xc0]
j  java.awt.EventDispatchThread.pumpEventsForHierarchy(ILjava/awt/Conditional;Ljava/awt/Component;)V+11
j  java.awt.EventDispatchThread.pumpEvents(ILjava/awt/Conditional;)V+4
j  java.awt.EventDispatchThread.pumpEvents(Ljava/awt/Conditional;)V+3
j  java.awt.EventDispatchThread.run()V+9
v  ~StubRoutines::call_stub

---------------  P R O C E S S  ---------------

Java Threads: ( => current thread )
  0x08569c00 JavaThread "DestroyJavaVM" [_thread_blocked, id=8580, stack(0x03450000,0x034a0000)]
=>0x067b9800 JavaThread "AWT-EventQueue-0" [_thread_in_native, id=8928, stack(0x07950000,0x079a0000)]
  0x067ba800 JavaThread "AWT-Shutdown" [_thread_blocked, id=1568, stack(0x06db0000,0x06e00000)]
  0x067b8c00 JavaThread "TimerQueue" daemon [_thread_blocked, id=4780, stack(0x06a30000,0x06a80000)]
  0x067b9c00 JavaThread "Batik CleanerThread" daemon [_thread_blocked, id=4916, stack(0x06f90000,0x06fe0000)]
  0x065f5400 JavaThread "cc.arduino.packages.discoverers.network.BoardReachabilityFilter" [_thread_blocked, id=1356, stack(0x07520000,0x07570000)]
  0x065e4800 JavaThread "cc.arduino.packages.discoverers.network.NetworkChecker" [_thread_blocked, id=5132, stack(0x07490000,0x074e0000)]
  0x065c5800 JavaThread "cc.arduino.packages.discoverers.serial.SerialBoardsLister" [_thread_blocked, id=7080, stack(0x07400000,0x07450000)]
  0x065bc800 JavaThread "AWT-Windows" daemon [_thread_in_native, id=6428, stack(0x06ac0000,0x06b10000)]
  0x065bb400 JavaThread "Java2D Disposer" daemon [_thread_blocked, id=10140, stack(0x069a0000,0x069f0000)]
  0x05e6e000 JavaThread "Service Thread" daemon [_thread_blocked, id=6924, stack(0x06390000,0x063e0000)]
  0x05e5a800 JavaThread "C1 CompilerThread0" daemon [_thread_blocked, id=1760, stack(0x06300000,0x06350000)]
  0x05e58c00 JavaThread "Attach Listener" daemon [_thread_blocked, id=10212, stack(0x06270000,0x062c0000)]
  0x05e56c00 JavaThread "Signal Dispatcher" daemon [_thread_blocked, id=1224, stack(0x061e0000,0x06230000)]
  0x05e3a400 JavaThread "Finalizer" daemon [_thread_blocked, id=3088, stack(0x030d0000,0x03120000)]
  0x05e24400 JavaThread "Reference Handler" daemon [_thread_blocked, id=2972, stack(0x06060000,0x060b0000)]

Other Threads:
  0x0339d000 VMThread [stack: 0x05dd0000,0x05e20000] [id=1676]
  0x05e83000 WatcherThread [stack: 0x06420000,0x06470000] [id=9668]

VM state:not at safepoint (normal execution)

VM Mutex/Monitor currently owned by a thread: None

Heap:
 def new generation   total 39424K, used 13928K [0x10200000, 0x12cc0000, 0x1aca0000)
  eden space 35072K,  38% used [0x10200000, 0x10f42af0, 0x12440000)
  from space 4352K,   8% used [0x12880000, 0x128d78b8, 0x12cc0000)
  to   space 4352K,   0% used [0x12440000, 0x12440000, 0x12880000)
 tenured generation   total 87424K, used 46494K [0x1aca0000, 0x20200000, 0x30200000)
   the space 87424K,  53% used [0x1aca0000, 0x1da07ad0, 0x1da07c00, 0x20200000)
 Metaspace       used 19172K, capacity 19618K, committed 19712K, reserved 19840K

Card table byte_map: [0x05630000,0x05740000] byte_map_base: 0x055af000

Polling page: 0x034a0000

CodeCache: size=32768Kb used=1666Kb max_used=4343Kb free=31101Kb
 bounds [0x03630000, 0x03a70000, 0x05630000]
 total_blobs=1069 nmethods=788 adapters=210
 compilation: enabled

Compilation events (10 events):
Event: 119330.148 Thread 0x05e5a800 nmethod 18655 0x039de108 code [0x039de200, 0x039de280]
Event: 119331.905 Thread 0x05e5a800 18656             sun.java2d.SunGraphics2D::setColor (108 bytes)
Event: 119331.906 Thread 0x05e5a800 nmethod 18656 0x039ad288 code [0x039ad3a0, 0x039ad528]
Event: 119331.907 Thread 0x05e5a800 18657             sun.java2d.SunGraphics2D::getFontInfo (34 bytes)
Event: 119331.908 Thread 0x05e5a800 nmethod 18657 0x0398c448 code [0x0398c540, 0x0398c61c]
Event: 119331.918 Thread 0x05e5a800 18658             sun.awt.image.ByteArrayImageSource::checkSecurity (2 bytes)
Event: 119331.918 Thread 0x05e5a800 nmethod 18658 0x0370ed08 code [0x0370ee00, 0x0370ee80]
Event: 119331.926 Thread 0x05e5a800 18659             java.util.AbstractCollection::toArray (70 bytes)
Event: 119331.927 Thread 0x05e5a800 nmethod 18659 0x039d7bc8 code [0x039d7d30, 0x039d7fd4]
Event: 119331.928 Thread 0x05e5a800 18660             java.util.ComparableTimSort::mergeLo (656 bytes)

GC Heap History (10 events):
Event: 116850.853 GC heap before
{Heap before GC invocations=67 (full 1):
 def new generation   total 39424K, used 35166K [0x10200000, 0x12cc0000, 0x1aca0000)
  eden space 35072K, 100% used [0x10200000, 0x12440000, 0x12440000)
  from space 4352K,   2% used [0x12440000, 0x12457ba8, 0x12880000)
  to   space 4352K,   0% used [0x12880000, 0x12880000, 0x12cc0000)
 tenured generation   total 87424K, used 46426K [0x1aca0000, 0x20200000, 0x30200000)
   the space 87424K,  53% used [0x1aca0000, 0x1d9f6ad0, 0x1d9f6c00, 0x20200000)
 Metaspace       used 19172K, capacity 19618K, committed 19712K, reserved 19840K
Event: 116850.857 GC heap after
Heap after GC invocations=68 (full 1):
 def new generation   total 39424K, used 26K [0x10200000, 0x12cc0000, 0x1aca0000)
  eden space 35072K,   0% used [0x10200000, 0x10200000, 0x12440000)
  from space 4352K,   0% used [0x12880000, 0x12886b68, 0x12cc0000)
  to   space 4352K,   0% used [0x12440000, 0x12440000, 0x12880000)
 tenured generation   total 87424K, used 46494K [0x1aca0000, 0x20200000, 0x30200000)
   the space 87424K,  53% used [0x1aca0000, 0x1da07ad0, 0x1da07c00, 0x20200000)
 Metaspace       used 19172K, capacity 19618K, committed 19712K, reserved 19840K
}
Event: 117036.519 GC heap before
{Heap before GC invocations=68 (full 1):
 def new generation   total 39424K, used 35098K [0x10200000, 0x12cc0000, 0x1aca0000)
  eden space 35072K, 100% used [0x10200000, 0x12440000, 0x12440000)
  from space 4352K,   0% used [0x12880000, 0x12886b68, 0x12cc0000)
  to   space 4352K,   0% used [0x12440000, 0x12440000, 0x12880000)
 tenured generation   total 87424K, used 46494K [0x1aca0000, 0x20200000, 0x30200000)
   the space 87424K,  53% used [0x1aca0000, 0x1da07ad0, 0x1da07c00, 0x20200000)
 Metaspace       used 19172K, capacity 19618K, committed 19712K, reserved 19840K
Event: 117036.522 GC heap after
Heap after GC invocations=69 (full 1):
 def new generation   total 39424K, used 26K [0x10200000, 0x12cc0000, 0x1aca0000)
  eden space 35072K,   0% used [0x10200000, 0x10200000, 0x12440000)
  from space 4352K,   0% used [0x12440000, 0x12446b68, 0x12880000)
  to   space 4352K,   0% used [0x12880000, 0x12880000, 0x12cc0000)
 tenured generation   total 87424K, used 46494K [0x1aca0000, 0x20200000, 0x30200000)
   the space 87424K,  53% used [0x1aca0000, 0x1da07ad0, 0x1da07c00, 0x20200000)
 Metaspace       used 19172K, capacity 19618K, committed 19712K, reserved 19840K
}
Event: 117222.631 GC heap before
{Heap before GC invocations=69 (full 1):
 def new generation   total 39424K, used 35098K [0x10200000, 0x12cc0000, 0x1aca0000)
  eden space 35072K, 100% used [0x10200000, 0x12440000, 0x12440000)
  from space 4352K,   0% used [0x12440000, 0x12446b68, 0x12880000)
  to   space 4352K,   0% used [0x12880000, 0x12880000, 0x12cc0000)
 tenured generation   total 87424K, used 46494K [0x1aca0000, 0x20200000, 0x30200000)
   the space 87424K,  53% used [0x1aca0000, 0x1da07ad0, 0x1da07c00, 0x20200000)
 Metaspace       used 19172K, capacity 19618K, committed 19712K, reserved 19840K
Event: 117222.634 GC heap after
Heap after GC invocations=70 (full 1):
 def new generation   total 39424K, used 26K [0x10200000, 0x12cc0000, 0x1aca0000)
  eden space 35072K,   0% used [0x10200000, 0x10200000, 0x12440000)
  from space 4352K,   0% used [0x12880000, 0x12886b68, 0x12cc0000)
  to   space 4352K,   0% used [0x12440000, 0x12440000, 0x12880000)
 tenured generation   total 87424K, used 46494K [0x1aca0000, 0x20200000, 0x30200000)
   the space 87424K,  53% used [0x1aca0000, 0x1da07ad0, 0x1da07c00, 0x20200000)
 Metaspace       used 19172K, capacity 19618K, committed 19712K, reserved 19840K
}
Event: 117402.280 GC heap before
{Heap before GC invocations=70 (full 1):
 def new generation   total 39424K, used 35098K [0x10200000, 0x12cc0000, 0x1aca0000)
  eden space 35072K, 100% used [0x10200000, 0x12440000, 0x12440000)
  from space 4352K,   0% used [0x12880000, 0x12886b68, 0x12cc0000)
  to   space 4352K,   0% used [0x12440000, 0x12440000, 0x12880000)
 tenured generation   total 87424K, used 46494K [0x1aca0000, 0x20200000, 0x30200000)
   the space 87424K,  53% used [0x1aca0000, 0x1da07ad0, 0x1da07c00, 0x20200000)
 Metaspace       used 19172K, capacity 19618K, committed 19712K, reserved 19840K
Event: 117402.283 GC heap after
Heap after GC invocations=71 (full 1):
 def new generation   total 39424K, used 27K [0x10200000, 0x12cc0000, 0x1aca0000)
  eden space 35072K,   0% used [0x10200000, 0x10200000, 0x12440000)
  from space 4352K,   0% used [0x12440000, 0x12446d50, 0x12880000)
  to   space 4352K,   0% used [0x12880000, 0x12880000, 0x12cc0000)
 tenured generation   total 87424K, used 46494K [0x1aca0000, 0x20200000, 0x30200000)
   the space 87424K,  53% used [0x1aca0000, 0x1da07ad0, 0x1da07c00, 0x20200000)
 Metaspace       used 19172K, capacity 19618K, committed 19712K, reserved 19840K
}
Event: 119302.821 GC heap before
{Heap before GC invocations=71 (full 1):
 def new generation   total 39424K, used 33084K [0x10200000, 0x12cc0000, 0x1aca0000)
  eden space 35072K,  94% used [0x10200000, 0x122483d8, 0x12440000)
  from space 4352K,   0% used [0x12440000, 0x12446d50, 0x12880000)
  to   space 4352K,   0% used [0x12880000, 0x12880000, 0x12cc0000)
 tenured generation   total 87424K, used 46494K [0x1aca0000, 0x20200000, 0x30200000)
   the space 87424K,  53% used [0x1aca0000, 0x1da07ad0, 0x1da07c00, 0x20200000)
 Metaspace       used 19172K, capacity 19618K, committed 19712K, reserved 19840K
Event: 119302.830 GC heap after
Heap after GC invocations=72 (full 1):
 def new generation   total 39424K, used 350K [0x10200000, 0x12cc0000, 0x1aca0000)
  eden space 35072K,   0% used [0x10200000, 0x10200000, 0x12440000)
  from space 4352K,   8% used [0x12880000, 0x128d78b8, 0x12cc0000)
  to   space 4352K,   0% used [0x12440000, 0x12440000, 0x12880000)
 tenured generation   total 87424K, used 46494K [0x1aca0000, 0x20200000, 0x30200000)
   the space 87424K,  53% used [0x1aca0000, 0x1da07ad0, 0x1da07c00, 0x20200000)
 Metaspace       used 19172K, capacity 19618K, committed 19712K, reserved 19840K
}

Deoptimization events (0 events):
No events

Internal exceptions (10 events):
Event: 114014.119 Thread 0x0856ac00 Exception <a 'java/io/IOException'> (0x112d4d68) thrown at [C:\workspace\8-2-build-windows-i586-cygwin\jdk8u92\6642\hotspot\src\share\vm\prims\jni.cpp, line 709]
Event: 114014.121 Thread 0x0856ac00 Exception <a 'java/io/IOException'> (0x112d72f8) thrown at [C:\workspace\8-2-build-windows-i586-cygwin\jdk8u92\6642\hotspot\src\share\vm\prims\jni.cpp, line 709]
Event: 114014.121 Thread 0x0856ac00 Exception <a 'java/io/IOException'> (0x112d7698) thrown at [C:\workspace\8-2-build-windows-i586-cygwin\jdk8u92\6642\hotspot\src\share\vm\prims\jni.cpp, line 709]
Event: 114014.121 Thread 0x0856ac00 Exception <a 'java/io/IOException'> (0x112d78e0) thrown at [C:\workspace\8-2-build-windows-i586-cygwin\jdk8u92\6642\hotspot\src\share\vm\prims\jni.cpp, line 709]
Event: 114014.122 Thread 0x0856ac00 Exception <a 'java/io/IOException'> (0x112da8b8) thrown at [C:\workspace\8-2-build-windows-i586-cygwin\jdk8u92\6642\hotspot\src\share\vm\prims\jni.cpp, line 709]
Event: 114014.122 Thread 0x0856ac00 Exception <a 'java/io/IOException'> (0x112dac58) thrown at [C:\workspace\8-2-build-windows-i586-cygwin\jdk8u92\6642\hotspot\src\share\vm\prims\jni.cpp, line 709]
Event: 114014.122 Thread 0x0856ac00 Exception <a 'java/io/IOException'> (0x112daea0) thrown at [C:\workspace\8-2-build-windows-i586-cygwin\jdk8u92\6642\hotspot\src\share\vm\prims\jni.cpp, line 709]
Event: 119304.758 Thread 0x065e4800 Exception <a 'java/net/SocketException': error setting options> (0x10a68458) thrown at [C:\workspace\8-2-build-windows-i586-cygwin\jdk8u92\6642\hotspot\src\share\vm\prims\jni.cpp, line 735]
Event: 119304.759 Thread 0x08567400 Exception <a 'java/net/SocketException': socket closed> (0x10a6e380) thrown at [C:\workspace\8-2-build-windows-i586-cygwin\jdk8u92\6642\hotspot\src\share\vm\prims\jni.cpp, line 735]
Event: 119310.761 Thread 0x0856a000 Exception <a 'java/net/SocketException': socket closed> (0x10bc1a68) thrown at [C:\workspace\8-2-build-windows-i586-cygwin\jdk8u92\6642\hotspot\src\share\vm\prims\jni.cpp, line 735]

Events (10 events):
Event: 119327.899 Thread 0x05e5a800 flushing nmethod 0x0370f088
Event: 119327.900 Thread 0x05e5a800 flushing nmethod 0x037308c8
Event: 119329.302 Thread 0x05e5a800 flushing nmethod 0x038564c8
Event: 119330.147 Thread 0x05e5a800 flushing nmethod 0x03991788
Event: 119330.147 Thread 0x05e5a800 flushing nmethod 0x039ad288
Event: 119330.147 Thread 0x05e5a800 flushing nmethod 0x039de108
Event: 119331.907 Thread 0x05e5a800 flushing nmethod 0x036ed2c8
Event: 119331.908 Thread 0x05e5a800 flushing nmethod 0x0376e588
Event: 119331.909 Thread 0x05e5a800 flushing nmethod 0x0398a8c8
Event: 119331.919 Thread 0x05e5a800 flushing nmethod 0x039f4688


Dynamic libraries:
0x00ef0000 - 0x00f23000 	C:\Program Files (x86)\Arduino\java\bin\javaw.exe
0x77d30000 - 0x77eb2000 	C:\WINDOWS\SYSTEM32\ntdll.dll
0x74880000 - 0x74960000 	C:\WINDOWS\System32\KERNEL32.DLL
0x74f10000 - 0x750b1000 	C:\WINDOWS\System32\KERNELBASE.dll
0x754f0000 - 0x75567000 	C:\WINDOWS\System32\ADVAPI32.dll
0x74e50000 - 0x74f0e000 	C:\WINDOWS\System32\msvcrt.dll
0x75570000 - 0x755b1000 	C:\WINDOWS\System32\sechost.dll
0x77390000 - 0x77451000 	C:\WINDOWS\System32\RPCRT4.dll
0x747f0000 - 0x7480e000 	C:\WINDOWS\System32\SspiCli.dll
0x747e0000 - 0x747ea000 	C:\WINDOWS\System32\CRYPTBASE.dll
0x77550000 - 0x775aa000 	C:\WINDOWS\System32\bcryptPrimitives.dll
0x75240000 - 0x7539f000 	C:\WINDOWS\System32\USER32.dll
0x77720000 - 0x77735000 	C:\WINDOWS\System32\win32u.dll
0x753b0000 - 0x753db000 	C:\WINDOWS\System32\GDI32.dll
0x76a90000 - 0x76beb000 	C:\WINDOWS\System32\gdi32full.dll
0x73330000 - 0x7353a000 	C:\WINDOWS\WinSxS\x86_microsoft.windows.common-controls_6595b64144ccf1df_6.0.14393.447_none_89c64d28dafea4b9\COMCTL32.dll
0x749c0000 - 0x74bd1000 	C:\WINDOWS\System32\combase.dll
0x74d20000 - 0x74e00000 	C:\WINDOWS\System32\ucrtbase.dll
0x775b0000 - 0x775d5000 	C:\WINDOWS\System32\IMM32.DLL
0x10000000 - 0x10008000 	C:\WINDOWS\KATRACK.DLL
0x73d00000 - 0x73dbf000 	C:\Program Files (x86)\Arduino\java\bin\msvcr100.dll
0x729f0000 - 0x72dbb000 	C:\Program Files (x86)\Arduino\java\bin\client\jvm.dll
0x754e0000 - 0x754e6000 	C:\WINDOWS\System32\PSAPI.DLL
0x73e10000 - 0x73e18000 	C:\WINDOWS\SYSTEM32\WSOCK32.dll
0x73cd0000 - 0x73cf4000 	C:\WINDOWS\SYSTEM32\WINMM.dll
0x747d0000 - 0x747d8000 	C:\WINDOWS\SYSTEM32\VERSION.dll
0x77cc0000 - 0x77d23000 	C:\WINDOWS\System32\WS2_32.dll
0x03160000 - 0x03183000 	C:\WINDOWS\SYSTEM32\WINMMBASE.dll
0x77350000 - 0x77386000 	C:\WINDOWS\System32\cfgmgr32.dll
0x73c60000 - 0x73c91000 	C:\Program Files (x86)\Arduino\java\bin\splashscreen.dll
0x73540000 - 0x735b5000 	C:\WINDOWS\system32\uxtheme.dll
0x73e00000 - 0x73e0c000 	C:\Program Files (x86)\Arduino\java\bin\verify.dll
0x775e0000 - 0x77715000 	C:\WINDOWS\System32\MSCTF.dll
0x771f0000 - 0x77284000 	C:\WINDOWS\System32\OLEAUT32.dll
0x77170000 - 0x771eb000 	C:\WINDOWS\System32\msvcp_win.dll
0x73c30000 - 0x73c51000 	C:\Program Files (x86)\Arduino\java\bin\java.dll
0x73c10000 - 0x73c23000 	C:\Program Files (x86)\Arduino\java\bin\zip.dll
0x77290000 - 0x7729d000 	C:\WINDOWS\System32\kernel.appcore.dll
0x75620000 - 0x769f9000 	C:\WINDOWS\System32\SHELL32.dll
0x76c00000 - 0x7716e000 	C:\WINDOWS\System32\windows.storage.dll
0x74e00000 - 0x74e45000 	C:\WINDOWS\System32\powrprof.dll
0x75480000 - 0x754c6000 	C:\WINDOWS\System32\shlwapi.dll
0x772c0000 - 0x77348000 	C:\WINDOWS\System32\shcore.dll
0x753a0000 - 0x753af000 	C:\WINDOWS\System32\profapi.dll
0x73ac0000 - 0x73c05000 	C:\Program Files (x86)\Arduino\java\bin\awt.dll
0x72eb0000 - 0x72f42000 	C:\WINDOWS\SYSTEM32\apphelp.dll
0x73aa0000 - 0x73abf000 	C:\WINDOWS\system32\dwmapi.dll
0x77460000 - 0x7754a000 	C:\WINDOWS\System32\ole32.dll
0x738c0000 - 0x738d6000 	C:\Program Files (x86)\Arduino\java\bin\net.dll
0x744b0000 - 0x744fe000 	C:\WINDOWS\system32\mswsock.dll
0x746f0000 - 0x7471f000 	C:\WINDOWS\SYSTEM32\IPHLPAPI.DLL
0x74810000 - 0x74817000 	C:\WINDOWS\System32\NSI.dll
0x61740000 - 0x6176c000 	C:\Program Files (x86)\Arduino\lib\listSerialsj.dll
0x778b0000 - 0x77cbb000 	C:\WINDOWS\System32\SETUPAPI.dll
0x738a0000 - 0x738b3000 	C:\WINDOWS\SYSTEM32\dhcpcsvc6.DLL
0x746d0000 - 0x746e4000 	C:\WINDOWS\SYSTEM32\dhcpcsvc.DLL
0x74400000 - 0x74413000 	C:\WINDOWS\SYSTEM32\CRYPTSP.dll
0x743d0000 - 0x743ff000 	C:\WINDOWS\system32\rsaenh.dll
0x74630000 - 0x7464b000 	C:\WINDOWS\SYSTEM32\bcrypt.dll
0x74770000 - 0x7478a000 	C:\WINDOWS\SYSTEM32\USERENV.dll
0x73a90000 - 0x73a9f000 	C:\Program Files (x86)\Arduino\java\bin\nio.dll
0x077d0000 - 0x0780d000 	C:\Users\Shoa\AppData\Local\Temp\jna-2576135\jna7994644736547208659.dll
0x742d0000 - 0x7434c000 	C:\WINDOWS\SYSTEM32\DNSAPI.dll
0x74290000 - 0x74298000 	C:\Windows\System32\rasadhlp.dll
0x74210000 - 0x74259000 	C:\WINDOWS\System32\fwpuclnt.dll
0x73860000 - 0x73899000 	C:\Program Files (x86)\Arduino\java\bin\fontmanager.dll
0x73820000 - 0x73852000 	C:\Program Files (x86)\Arduino\java\bin\t2k.dll
0x74450000 - 0x74472000 	C:\WINDOWS\SYSTEM32\DEVOBJ.dll
0x74cd0000 - 0x74d14000 	C:\WINDOWS\System32\WINTRUST.dll
0x754d0000 - 0x754de000 	C:\WINDOWS\System32\MSASN1.dll
0x750c0000 - 0x7523d000 	C:\WINDOWS\System32\CRYPT32.dll
0x737b0000 - 0x73819000 	C:\Program Files (x86)\Arduino\msvcp100.dll
0x73690000 - 0x7374e000 	C:\Program Files (x86)\Arduino\msvcr100.dll
0x06e00000 - 0x06e32000 	C:\Program Files (x86)\Arduino\lib\AStylej.dll
0x73780000 - 0x737a4000 	C:\Program Files (x86)\Arduino\java\bin\dcpr.dll
0x76a00000 - 0x76a84000 	C:\WINDOWS\System32\clbcatq.dll
0x72880000 - 0x729ee000 	C:\WINDOWS\SYSTEM32\WindowsCodecs.dll
0x73640000 - 0x73684000 	C:\WINDOWS\system32\dataexchange.dll
0x72650000 - 0x7287f000 	C:\WINDOWS\system32\d3d11.dll
0x72530000 - 0x72643000 	C:\WINDOWS\system32\dcomp.dll
0x72de0000 - 0x72e64000 	C:\WINDOWS\system32\dxgi.dll
0x72430000 - 0x72521000 	C:\WINDOWS\system32\twinapi.appcore.dll
0x64000000 - 0x6401b000 	C:\Users\Shoa\.jssc\windows\jSSC-2.8_x86.dll
0x69fc0000 - 0x69ffd000 	C:\WINDOWS\SYSTEM32\edputil.dll
0x72f80000 - 0x730c5000 	C:\WINDOWS\SYSTEM32\dbghelp.dll

VM Arguments:
jvm_args: -Dsun.java2d.d3d=false -Djna.nosys=true -DAPP_DIR=C:\Program Files (x86)\Arduino -Xms128M -Xmx512M 
java_command: processing.app.Base C:\Users\Shoa\Desktop\githubfiles\EE693\teensy36_firmware\teensy36_firmware.ino
java_class_path (initial): C:\Program Files (x86)\Arduino\lib\apple.jar;C:\Program Files (x86)\Arduino\lib\arduino-core.jar;C:\Program Files (x86)\Arduino\lib\batik-1.8.jar;C:\Program Files (x86)\Arduino\lib\batik-anim-1.8.jar;C:\Program Files (x86)\Arduino\lib\batik-awt-util-1.8.jar;C:\Program Files (x86)\Arduino\lib\batik-bridge-1.8.jar;C:\Program Files (x86)\Arduino\lib\batik-codec-1.8.jar;C:\Program Files (x86)\Arduino\lib\batik-css-1.8.jar;C:\Program Files (x86)\Arduino\lib\batik-dom-1.8.jar;C:\Program Files (x86)\Arduino\lib\batik-ext-1.8.jar;C:\Program Files (x86)\Arduino\lib\batik-gvt-1.8.jar;C:\Program Files (x86)\Arduino\lib\batik-parser-1.8.jar;C:\Program Files (x86)\Arduino\lib\batik-rasterizer-1.8.jar;C:\Program Files (x86)\Arduino\lib\batik-script-1.8.jar;C:\Program Files (x86)\Arduino\lib\batik-squiggle-1.8.jar;C:\Program Files (x86)\Arduino\lib\batik-svg-dom-1.8.jar;C:\Program Files (x86)\Arduino\lib\batik-svgpp-1.8.jar;C:\Program Files (x86)\Arduino\lib\batik-transcoder-1.8.jar;C:\Program Files (x86)\Arduino\lib\batik-util-1.8.jar;C:\Program Files (x86)\Arduino\lib\batik-xml-1.8.jar;C:\Program Files (x86)\Arduino\lib\bcpg-jdk15on-152.jar;C:\Program Files (x86)\Arduino\lib\bcprov-jdk15on-152.jar;C:\Program Files (x86)\Arduino\lib\commons-codec-1.7.jar;C:\Program Files (x86)\Arduino\lib\commons-compress-1.8.jar;C:\Program Files (x86)\Arduino\lib\commons-exec-1.1.jar;C:\Program Files (x86)\Arduino\lib\commons-httpclient-3.1.jar;C:\Program Files (x86)\Arduino\lib\commons-lang3-3.3.2.jar;C:\Program Files (x86)\Arduino\lib\commons-logging-1.0.4.jar;C:\Program Files (x86)\Arduino\lib\commons-net-3.3.jar;C:\Program Files (x86)\Arduino\lib\jackson-annotations-2.6.3.jar;C:\Program Files (x86)\Arduino\lib\jackson-core-2.6.3.jar;C:\Program Files (x86)\Arduino\lib\jackson-databind-2.6.3.jar;C:\Program Files (x86)\Arduino\lib\jackson-module-mrbean-2.6.3.jar;C:\Program Files (x86)\Arduino\lib\java-semver-0.8.0.jar;C:\Program Files (x86)\Arduino\lib\jmdns-3.4.1.j
Launcher Type: SUN_STANDARD

Environment Variables:
PATH=C:\WINDOWS\system32;C:\WINDOWS;C:\WINDOWS\System32\Wbem;C:\WINDOWS\System32\WindowsPowerShell\v1.0\;C:\Program Files\MATLAB\R2016b\bin;C:\Program Files\Git\cmd;C:\Users\Shoa\AppData\Local\Microsoft\WindowsApps;;C:\Program Files (x86)\Arduino\java\bin
USERNAME=Shoa
OS=Windows_NT
PROCESSOR_IDENTIFIER=Intel64 Family 6 Model 60 Stepping 3, GenuineIntel



---------------  S Y S T E M  ---------------

OS: Windows 10.0 , 64 bit Build 14393 (10.0.14393.0)

CPU:total 8 (4 cores per cpu, 2 threads per core) family 6 model 60 stepping 3, cmov, cx8, fxsr, mmx, sse, sse2, sse3, ssse3, sse4.1, sse4.2, popcnt, avx, avx2, aes, clmul, erms, lzcnt, ht, tsc, tscinvbit, bmi1, bmi2

Memory: 4k page, physical 8134936k(3614332k free), swap 10069272k(4070844k free)

vm_info: Java HotSpot(TM) Client VM (25.92-b14) for windows-x86 JRE (1.8.0_92-b14), built on Mar 31 2016 21:09:21 by "java_re" with MS VC++ 10.0 (VS2010)

time: Sun Nov 27 23:52:04 2016
elapsed time: 119332 seconds (1d 9h 8m 52s)

